2025-06-24 12:59:10,770 - INFO - Trading bot initialized
2025-06-24 12:59:10,771 - INFO - Testnet mode: True
2025-06-24 12:59:11,763 - INFO - System status: {'status': 0, 'msg': 'normal'}
2025-06-24 12:59:12,229 - INFO - Successfully connected to Binance Futures API
2025-06-24 12:59:12,230 - INFO - Account balance: 14997.81366773 USDT
2025-06-24 12:59:12,474 - INFO - Account balance retrieved: {'total_balance': '14997.81366773', 'available_balance': '14986.26529573', 'usdt_balance': '14997.81366773'}
2025-06-24 12:59:17,239 - INFO - Account balance retrieved: {'total_balance': '14997.81366773', 'available_balance': '14986.25706670', 'usdt_balance': '14997.81366773'}
2025-06-24 12:59:21,656 - INFO - Current price for btcusdt: 105671.9
2025-06-24 12:59:31,836 - INFO - Symbol btcusdt found and active
2025-06-24 12:59:31,838 - INFO - Placing market order: buy 0.002 btcusdt
2025-06-24 12:59:32,392 - INFO - Market order placed successfully: {'orderId': 4676663749, 'symbol': 'BTCUSDT', 'status': 'NEW', 'clientOrderId': '0bSMH2CQbg84ViqkYLqXBV', 'price': '0.00', 'avgPrice': '0.00', 'origQty': '0.002', 'executedQty': '0.000', 'cumQty': '0.000', 'cumQuote': '0.00000', 'timeInForce': 'GTC', 'type': 'MARKET', 'reduceOnly': False, 'closePosition': False, 'side': 'BUY', 'positionSide': 'BOTH', 'stopPrice': '0.00', 'workingType': 'CONTRACT_PRICE', 'priceProtect': False, 'origType': 'MARKET', 'priceMatch': 'NONE', 'selfTradePreventionMode': 'EXPIRE_MAKER', 'goodTillDate': 0, 'updateTime': 1750750174506}
2025-06-24 12:59:38,862 - INFO - Symbol btcusdt found and active
2025-06-24 12:59:38,864 - INFO - Placing limit order: sell 0.002 btcusdt at 53000.0
2025-06-24 12:59:39,433 - INFO - Limit order placed successfully: {'orderId': 4676666625, 'symbol': 'BTCUSDT', 'status': 'NEW', 'clientOrderId': 'yPYk01C0DGlr8CrnLXWYvf', 'price': '53000.00', 'avgPrice': '0.00', 'origQty': '0.002', 'executedQty': '0.000', 'cumQty': '0.000', 'cumQuote': '0.00000', 'timeInForce': 'GTC', 'type': 'LIMIT', 'reduceOnly': False, 'closePosition': False, 'side': 'SELL', 'positionSide': 'BOTH', 'stopPrice': '0.00', 'workingType': 'CONTRACT_PRICE', 'priceProtect': False, 'origType': 'LIMIT', 'priceMatch': 'NONE', 'selfTradePreventionMode': 'EXPIRE_MAKER', 'goodTillDate': 0, 'updateTime': 1750750181547}
2025-06-24 12:59:45,415 - INFO - Symbol btcusdt found and active
2025-06-24 12:59:45,416 - INFO - Placing stop-limit order: sell 0.003 btcusdt at 52000.0, stop at 52500.0
2025-06-24 12:59:45,944 - INFO - Stop-limit order placed successfully: {'orderId': 4676674692, 'symbol': 'BTCUSDT', 'status': 'NEW', 'clientOrderId': 'DOkTfIQJy5EeqSHytbhGIF', 'price': '52000.00', 'avgPrice': '0.00', 'origQty': '0.003', 'executedQty': '0.000', 'cumQty': '0.000', 'cumQuote': '0.00000', 'timeInForce': 'GTC', 'type': 'STOP', 'reduceOnly': False, 'closePosition': False, 'side': 'SELL', 'positionSide': 'BOTH', 'stopPrice': '52500.00', 'workingType': 'CONTRACT_PRICE', 'priceProtect': False, 'origType': 'STOP', 'priceMatch': 'NONE', 'selfTradePreventionMode': 'EXPIRE_MAKER', 'goodTillDate': 0, 'updateTime': 1750750188073}
2025-06-24 12:59:53,057 - INFO - Retrieved 1 open orders
2025-06-24 13:00:01,385 - ERROR - Error getting order status: APIError(code=-2013): Order does not exist.
2025-06-24 13:00:27,296 - INFO - Order status retrieved: {'orderId': 4676674692, 'symbol': 'BTCUSDT', 'status': 'NEW', 'clientOrderId': 'DOkTfIQJy5EeqSHytbhGIF', 'price': '52000.00', 'avgPrice': '0.00', 'origQty': '0.003', 'executedQty': '0.000', 'cumQuote': '0.00000', 'timeInForce': 'GTC', 'type': 'STOP', 'reduceOnly': False, 'closePosition': False, 'side': 'SELL', 'positionSide': 'BOTH', 'stopPrice': '52500.00', 'workingType': 'CONTRACT_PRICE', 'priceProtect': False, 'origType': 'STOP', 'priceMatch': 'NONE', 'selfTradePreventionMode': 'EXPIRE_MAKER', 'goodTillDate': 0, 'time': 1750750188073, 'updateTime': 1750750188073}
2025-06-24 13:00:42,840 - INFO - Order cancelled: {'orderId': 4676674692, 'symbol': 'BTCUSDT', 'status': 'CANCELED', 'clientOrderId': 'DOkTfIQJy5EeqSHytbhGIF', 'price': '52000.00', 'avgPrice': '0.00', 'origQty': '0.003', 'executedQty': '0.000', 'cumQty': '0.000', 'cumQuote': '0.00000', 'timeInForce': 'GTC', 'type': 'STOP', 'reduceOnly': False, 'closePosition': False, 'side': 'SELL', 'positionSide': 'BOTH', 'stopPrice': '52500.00', 'workingType': 'CONTRACT_PRICE', 'priceProtect': False, 'origType': 'STOP', 'priceMatch': 'NONE', 'selfTradePreventionMode': 'EXPIRE_MAKER', 'goodTillDate': 0, 'updateTime': 1750750244506}
2025-06-24 13:00:50,845 - INFO - Retrieved 0 open orders
